<?xml version="1.0" encoding="UTF-8"?>
<!-- Generated by org.testng.reporters.JUnitReportReporter -->
<testsuite skipped="0" hostname="DESKTOP-27L8JE7" name="com.excel.FaceBook" tests="1" failures="0" timestamp="27 Dec 2019 10:38:20 GMT" time="13.764" errors="0">
  <testcase name="fb" time="13.764" classname="com.excel.FaceBook"/>
</testsuite> <!-- com.excel.FaceBook -->
