<?xml version="1.0" encoding="UTF-8"?>
<!-- Generated by org.testng.reporters.JUnitReportReporter -->
<testsuite skipped="0" hostname="DESKTOP-27L8JE7" name="com.project.CBITMavenProject.CheckBox1" tests="1" failures="0" timestamp="23 Dec 2019 11:28:30 GMT" time="17.247" errors="0">
  <testcase name="checkboxTest" time="17.247" classname="com.project.CBITMavenProject.CheckBox1"/>
</testsuite> <!-- com.project.CBITMavenProject.CheckBox1 -->
