<?xml version="1.0" encoding="UTF-8"?>
<!-- Generated by org.testng.reporters.JUnitReportReporter -->
<testsuite skipped="0" hostname="DESKTOP-27L8JE7" name="suiteD.TestD3" tests="1" failures="0" timestamp="23 Dec 2019 11:09:10 GMT" time="5.001" errors="0">
  <testcase name="testD3" time="5.001" classname="suiteD.TestD3"/>
</testsuite> <!-- suiteD.TestD3 -->
