<?xml version="1.0" encoding="UTF-8"?>
<!-- Generated by org.testng.reporters.JUnitReportReporter -->
<testsuite skipped="0" hostname="DESKTOP-27L8JE7" name="com.project.CBITMavenProject.LinksTesting1" tests="1" failures="0" timestamp="23 Dec 2019 11:30:06 GMT" time="14.022" errors="0">
  <testcase name="linktesting1" time="14.022" classname="com.project.CBITMavenProject.LinksTesting1"/>
</testsuite> <!-- com.project.CBITMavenProject.LinksTesting1 -->
