<?xml version="1.0" encoding="UTF-8"?>
<!-- Generated by org.testng.reporters.JUnitReportReporter -->
<testsuite skipped="1" hostname="DESKTOP-27L8JE7" name="com.pageObjectModel.POM_001" tests="2" failures="0" timestamp="03 Jan 2020 10:37:58 GMT" time="9.808" errors="0">
  <testcase name="registration" time="9.808" classname="com.pageObjectModel.POM_001"/>
  <testcase name="loginPage" classname="com.pageObjectModel.POM_001">
    <skipped/>
  </testcase> <!-- loginPage -->
</testsuite> <!-- com.pageObjectModel.POM_001 -->
