<?xml version="1.0" encoding="UTF-8"?>
<!-- Generated by org.testng.reporters.JUnitReportReporter -->
<testsuite skipped="0" hostname="DESKTOP-27L8JE7" name="com.pageObjectModel.POM_001" tests="1" failures="0" timestamp="02 Jan 2020 10:38:32 GMT" time="5.384" errors="0">
  <testcase name="f" time="5.384" classname="com.pageObjectModel.POM_001"/>
</testsuite> <!-- com.pageObjectModel.POM_001 -->
