<?xml version="1.0" encoding="UTF-8"?>
<!-- Generated by org.testng.reporters.JUnitReportReporter -->
<testsuite skipped="0" hostname="DESKTOP-27L8JE7" name="com.project.CBITMavenProject.LinksTesting1" tests="2" failures="0" timestamp="18 Dec 2019 11:45:14 GMT" time="46.490" errors="0">
  <testcase name="linktesting1" time="33.350" classname="com.project.CBITMavenProject.LinksTesting1"/>
  <testcase name="linktesting1" time="13.140" classname="com.project.CBITMavenProject.LinksTesting1"/>
</testsuite> <!-- com.project.CBITMavenProject.LinksTesting1 -->
