<?xml version="1.0" encoding="UTF-8"?>
<!-- Generated by org.testng.reporters.JUnitReportReporter -->
<testsuite skipped="2" hostname="DESKTOP-27L8JE7" name="com.project.CBITMavenProject.TestDependency" tests="4" failures="0" timestamp="23 Dec 2019 11:44:32 GMT" time="0.029" errors="0">
  <testcase name="orange" time="0.023" classname="com.project.CBITMavenProject.TestDependency"/>
  <testcase name="white" time="0.003" classname="com.project.CBITMavenProject.TestDependency"/>
  <testcase name="blue" time="0.003" classname="com.project.CBITMavenProject.TestDependency">
    <skipped/>
  </testcase> <!-- blue -->
  <testcase name="green" time="0.000" classname="com.project.CBITMavenProject.TestDependency">
    <skipped/>
  </testcase> <!-- green -->
</testsuite> <!-- com.project.CBITMavenProject.TestDependency -->
