<?xml version="1.0" encoding="UTF-8"?>
<!-- Generated by org.testng.reporters.JUnitReportReporter -->
<testsuite skipped="0" hostname="DESKTOP-27L8JE7" name="com.project.CBITMavenProject.TestNG_001" tests="1" failures="0" timestamp="18 Dec 2019 11:07:57 GMT" time="0.012" errors="0">
  <testcase name="f" time="0.012" classname="com.project.CBITMavenProject.TestNG_001"/>
</testsuite> <!-- com.project.CBITMavenProject.TestNG_001 -->
