<?xml version="1.0" encoding="UTF-8"?>
<!-- Generated by org.testng.reporters.JUnitReportReporter -->
<testsuite skipped="1" hostname="DESKTOP-27L8JE7" name="com.project.CBITMavenProject.TestNG_002" tests="3" failures="0" timestamp="18 Dec 2019 11:07:57 GMT" time="0.011" errors="0">
  <testcase name="z" time="0.007" classname="com.project.CBITMavenProject.TestNG_002"/>
  <testcase name="f" time="0.004" classname="com.project.CBITMavenProject.TestNG_002"/>
  <testcase name="apple" classname="com.project.CBITMavenProject.TestNG_002">
    <skipped/>
  </testcase> <!-- apple -->
</testsuite> <!-- com.project.CBITMavenProject.TestNG_002 -->
