<?xml version="1.0" encoding="UTF-8"?>
<!-- Generated by org.testng.reporters.JUnitReportReporter -->
<testsuite skipped="0" hostname="DESKTOP-27L8JE7" name="com.project.CBITMavenProject.RadioButton1" tests="2" failures="0" timestamp="18 Dec 2019 11:45:14 GMT" time="59.755" errors="0">
  <testcase name="checkboxTest" time="16.943" classname="com.project.CBITMavenProject.RadioButton1"/>
  <testcase name="checkboxTest" time="42.812" classname="com.project.CBITMavenProject.RadioButton1"/>
</testsuite> <!-- com.project.CBITMavenProject.RadioButton1 -->
