<?xml version="1.0" encoding="UTF-8"?>
<!-- Generated by org.testng.reporters.JUnitReportReporter -->
<testsuite skipped="0" hostname="DESKTOP-27L8JE7" name="com.project.CBITMavenProject.RadioButton1" tests="1" failures="0" timestamp="23 Dec 2019 11:28:30 GMT" time="74.708" errors="0">
  <testcase name="checkboxTest" time="74.708" classname="com.project.CBITMavenProject.RadioButton1"/>
</testsuite> <!-- com.project.CBITMavenProject.RadioButton1 -->
