<?xml version="1.0" encoding="UTF-8"?>
<!-- Generated by org.testng.reporters.JUnitReportReporter -->
<testsuite skipped="0" hostname="DESKTOP-27L8JE7" name="com.excel.TC_004" tests="2" failures="0" timestamp="31 Dec 2019 10:39:36 GMT" time="0.017" errors="0">
  <testcase name="m1" time="0.010" classname="com.excel.TC_004"/>
  <testcase name="m1" time="0.007" classname="com.excel.TC_004"/>
</testsuite> <!-- com.excel.TC_004 -->
