<?xml version="1.0" encoding="UTF-8"?>
<!-- Generated by org.testng.reporters.JUnitReportReporter -->
<testsuite skipped="0" hostname="DESKTOP-27L8JE7" name="com.project.CBITMavenProject.TC_006" tests="2" failures="0" timestamp="18 Dec 2019 11:45:14 GMT" time="62.786" errors="0">
  <testcase name="amazon" time="21.334" classname="com.project.CBITMavenProject.TC_006"/>
  <testcase name="amazon" time="41.452" classname="com.project.CBITMavenProject.TC_006"/>
</testsuite> <!-- com.project.CBITMavenProject.TC_006 -->
