<?xml version="1.0" encoding="UTF-8"?>
<!-- Generated by org.testng.reporters.JUnitReportReporter -->
<testsuite skipped="0" hostname="DESKTOP-27L8JE7" name="com.project.CBITMavenProject.TC_006" tests="1" failures="0" timestamp="23 Dec 2019 11:25:23 GMT" time="20.398" errors="0">
  <testcase name="amazon" time="20.398" classname="com.project.CBITMavenProject.TC_006"/>
</testsuite> <!-- com.project.CBITMavenProject.TC_006 -->
