<?xml version="1.0" encoding="UTF-8"?>
<!-- Generated by org.testng.reporters.JUnitReportReporter -->
<testsuite skipped="1" hostname="DESKTOP-27L8JE7" name="com.project.CBITMavenProject.TestNG_002" tests="3" failures="0" timestamp="17 Dec 2019 11:49:11 GMT" time="0.013" errors="0">
  <testcase name="z" time="0.005" classname="com.project.CBITMavenProject.TestNG_002"/>
  <testcase name="f" time="0.008" classname="com.project.CBITMavenProject.TestNG_002"/>
  <testcase name="apple" classname="com.project.CBITMavenProject.TestNG_002">
    <skipped/>
  </testcase> <!-- apple -->
</testsuite> <!-- com.project.CBITMavenProject.TestNG_002 -->
