<?xml version="1.0" encoding="UTF-8"?>
<!-- Generated by org.testng.reporters.JUnitReportReporter -->
<testsuite skipped="0" hostname="DESKTOP-27L8JE7" name="com.project.CBITMavenProject.CheckBox1" tests="2" failures="0" timestamp="18 Dec 2019 11:45:14 GMT" time="62.838" errors="0">
  <testcase name="checkboxTest" time="19.691" classname="com.project.CBITMavenProject.CheckBox1"/>
  <testcase name="checkboxTest" time="43.147" classname="com.project.CBITMavenProject.CheckBox1"/>
</testsuite> <!-- com.project.CBITMavenProject.CheckBox1 -->
